\BOOKMARK [0][-]{Resumen.0}{Resumen}{}% 1
\BOOKMARK [0][-]{Abstract.0}{Abstract}{}% 2
\BOOKMARK [0][-]{Agradecimientos.0}{Agradecimientos}{}% 3
\BOOKMARK [0][-]{section*.4}{Documento I. Memoria}{}% 4
\BOOKMARK [0][-]{IndiceMemoria.0}{\315ndice}{}% 5
\BOOKMARK [0][-]{Figuras.0}{\315ndice de figuras}{}% 6
\BOOKMARK [0][-]{Tablas.0}{\315ndice de tablas}{}% 7
\BOOKMARK [0][-]{Codigo.0}{\315ndice de extractos de c\363digo}{}% 8
\BOOKMARK [0][-]{Acronimos.0}{Acr\363nimos}{}% 9
\BOOKMARK [0][-]{Simbolos.0}{S\355mbolos}{}% 10
\BOOKMARK [0][-]{part.8}{I Memoria}{}% 11
\BOOKMARK [1][-]{chapter.9}{1 Primeros pasos}{part.8}% 12
\BOOKMARK [2][-]{section.10}{1.1 Software necesario}{chapter.9}% 13
\BOOKMARK [2][-]{section.11}{1.2 Familiariz\341ndose con LaTeX y la plantilla}{chapter.9}% 14
\BOOKMARK [2][-]{section.12}{1.3 Observaciones importantes}{chapter.9}% 15
\BOOKMARK [1][-]{chapter.13}{2 Macros}{part.8}% 16
\BOOKMARK [2][-]{section.14}{2.1 Figuras}{chapter.13}% 17
\BOOKMARK [2][-]{section.18}{2.2 Tablas}{chapter.13}% 18
\BOOKMARK [2][-]{section.20}{2.3 Ecuaciones}{chapter.13}% 19
\BOOKMARK [2][-]{section.22}{2.4 C\363digo}{chapter.13}% 20
\BOOKMARK [2][-]{section.29}{2.5 Cuadros de texto}{chapter.13}% 21
\BOOKMARK [2][-]{section.30}{2.6 Bibliograf\355a}{chapter.13}% 22
\BOOKMARK [2][-]{section.31}{2.7 Notas al pie}{chapter.13}% 23
\BOOKMARK [2][-]{section.33}{2.8 Otros comandos}{chapter.13}% 24
\BOOKMARK [1][-]{chapter.34}{3 Cap\355tulo de ejemplo}{part.8}% 25
\BOOKMARK [2][-]{section.35}{3.1 Estado del arte}{chapter.34}% 26
\BOOKMARK [3][-]{subsection.36}{3.1.1 Subsecci\363n}{section.35}% 27
\BOOKMARK [4][-]{subsubsection.37}{3.1.1.1 Subsubsecci\363n}{subsection.36}% 28
\BOOKMARK [5][-]{paragraph.38}{3.1.1.1.1 P\341rrafo}{subsubsection.37}% 29
\BOOKMARK [2][-]{section.40}{3.2 Motivaci\363n}{chapter.34}% 30
\BOOKMARK [2][-]{section.41}{3.3 Objetivos}{chapter.34}% 31
\BOOKMARK [2][-]{section.42}{3.4 Recursos}{chapter.34}% 32
\BOOKMARK [2][-]{section.43}{3.5 Metodolog\355a}{chapter.34}% 33
\BOOKMARK [1][-]{section*.44}{Bibliograf\355a}{part.8}% 34
\BOOKMARK [0][-]{part.46}{II Estudio econ\363mico}{}% 35
\BOOKMARK [0][-]{part.47}{III Manual de usuario}{}% 36
\BOOKMARK [0][-]{part.48}{IV C\363digo fuente}{}% 37
\BOOKMARK [1][-]{chapter.49}{1 Programa I}{part.48}% 38
\BOOKMARK [2][-]{section.50}{1.1 main.c}{chapter.49}% 39
\BOOKMARK [0][-]{part.58}{V Hojas de caracter\355sticas}{}% 40
\BOOKMARK [1][-]{section*.59}{Recom Innoline DC/DC Converter R-78HBxx-0.5\(L\) Series}{part.58}% 41
\BOOKMARK [0][-]{section*.60}{Documento II. Planos}{}% 42
\BOOKMARK [0][-]{InicioLP.0}{Lista de planos}{}% 43
\BOOKMARK [0][-]{section*.63}{Documento III. Pliego de condiciones}{}% 44
\BOOKMARK [0][-]{IndicePliego.0}{\315ndice}{}% 45
\BOOKMARK [1][-]{chapter.65}{1 Condiciones generales y econ\363micas}{IndicePliego.0}% 46
\BOOKMARK [1][-]{chapter.66}{2 Condiciones t\351cnicas y particulares}{IndicePliego.0}% 47
\BOOKMARK [0][-]{section*.67}{Documento IV. Presupuesto}{}% 48
\BOOKMARK [0][-]{IndicePresupuesto.0}{\315ndice}{}% 49
\BOOKMARK [1][-]{chapter.69}{1 Mediciones}{IndicePresupuesto.0}% 50
\BOOKMARK [1][-]{chapter.70}{2 Precios unitarios}{IndicePresupuesto.0}% 51
\BOOKMARK [1][-]{chapter.71}{3 Sumas parciales}{IndicePresupuesto.0}% 52
\BOOKMARK [1][-]{chapter.72}{4 Presupuesto general}{IndicePresupuesto.0}% 53
