This is pdfTeX, Version 3.1415926-2.3-1.40.12 (MiKTeX 2.9) (preloaded format=pdflatex 2011.7.14)  13 SEP 2011 01:35
entering extended mode
**D:/PlantillaLatex/Plantilla*LaTeX/ProyectoFinCarrera.tex
("D:/PlantillaLatex/Plantilla LaTeX/ProyectoFinCarrera.tex"
LaTeX2e <2011/06/27>
Babel <v3.8m> and hyphenation patterns for english, afrikaans, ancientgreek, ar
abic, armenian, assamese, basque, bengali, bokmal, bulgarian, catalan, coptic, 
croatian, czech, danish, dutch, esperanto, estonian, farsi, finnish, french, ga
lician, german, german-x-2009-06-19, greek, gujarati, hindi, hungarian, iceland
ic, indonesian, interlingua, irish, italian, kannada, kurmanji, lao, latin, lat
vian, lithuanian, malayalam, marathi, mongolian, mongolianlmc, monogreek, ngerm
an, ngerman-x-2009-06-19, nynorsk, oriya, panjabi, pinyin, polish, portuguese, 
romanian, russian, sanskrit, serbian, slovak, slovenian, spanish, swedish, swis
sgerman, tamil, telugu, turkish, turkmen, ukenglish, ukrainian, uppersorbian, u
senglishmax, welsh, loaded.
("D:\PlantillaLatex\Plantilla LaTeX\book.cls"
Document Class: book 2005/09/16 v1.4f Standard LaTeX document class
("C:\Program Files (x86)\MikeTex 2.9\tex\latex\base\bk12.clo"
File: bk12.clo 2007/10/19 v1.4h Standard LaTeX file (size option)
)
\c@part=\count79
\c@chapter=\count80
\c@section=\count81
\c@subsection=\count82
\c@subsubsection=\count83
\c@paragraph=\count84
\c@subparagraph=\count85
\c@figure=\count86
\c@table=\count87
\abovecaptionskip=\skip41
\belowcaptionskip=\skip42
\bibindent=\dimen102
)
("C:\Program Files (x86)\MikeTex 2.9\tex\generic\oberdiek\ifpdf.sty"
Package: ifpdf 2011/01/30 v2.3 Provides the ifpdf switch (HO)
Package ifpdf Info: pdfTeX in PDF mode is detected.
)
("C:\Program Files (x86)\MikeTex 2.9\tex\generic\babel\babel.sty"
Package: babel 2008/07/08 v3.8m The Babel package

*************************************
* Local config file bblopts.cfg used
*
("C:\Program Files (x86)\MikeTex 2.9\tex\latex\00miktex\bblopts.cfg"
File: bblopts.cfg 2006/07/31 v1.0 MiKTeX 'babel' configuration
)
("C:\Program Files (x86)\MikeTex 2.9\tex\generic\babel\english.ldf"
Language: english 2005/03/30 v3.3o English support from the babel system

("C:\Program Files (x86)\MikeTex 2.9\tex\generic\babel\babel.def"
File: babel.def 2008/07/08 v3.8m Babel common definitions
\babel@savecnt=\count88
\U@D=\dimen103
)
\l@canadian = a dialect from \language\l@american 
\l@australian = a dialect from \language\l@british 
\l@newzealand = a dialect from \language\l@british 
)
("C:\Program Files (x86)\MikeTex 2.9\tex\generic\babel\spanish.ldf"
Language: spanish.ldf 2009/01/02 v5.0h Spanish support from the babel system
\es@datefmt=\count89
\es@quottoks=\toks14
\es@quotdepth=\count90
Package babel Info: Making " an active character on input line 492.
Package babel Info: Making . an active character on input line 585.
Package babel Info: Making < an active character on input line 630.
Package babel Info: Making > an active character on input line 630.
))
("C:\Program Files (x86)\MikeTex 2.9\tex\latex\base\inputenc.sty"
Package: inputenc 2008/03/30 v1.1d Input encoding file
\inpenc@prehook=\toks15
\inpenc@posthook=\toks16

("C:\Program Files (x86)\MikeTex 2.9\tex\latex\base\latin1.def"
File: latin1.def 2008/03/30 v1.1d Input encoding file
))
("C:\Program Files (x86)\MikeTex 2.9\tex\latex\base\fontenc.sty"
Package: fontenc 2005/09/27 v1.99g Standard LaTeX package

("C:\Program Files (x86)\MikeTex 2.9\tex\latex\base\t1enc.def"
File: t1enc.def 2005/09/27 v1.99g Standard LaTeX file
LaTeX Font Info:    Redeclaring font encoding T1 on input line 43.
))
("C:\Program Files (x86)\MikeTex 2.9\tex\latex\microtype\microtype.sty"
Package: microtype 2010/01/10 v2.4 Micro-typography with pdfTeX (RS)

("C:\Program Files (x86)\MikeTex 2.9\tex\latex\graphics\keyval.sty"
Package: keyval 1999/03/16 v1.13 key=value parser (DPC)
\KV@toks@=\toks17
)
\MT@toks=\toks18
\MT@count=\count91
LaTeX Info: Redefining \lsstyle on input line 1597.
LaTeX Info: Redefining \lslig on input line 1597.
\MT@outer@space=\skip43
LaTeX Info: Redefining \textls on input line 1605.
\MT@outer@kern=\dimen104
LaTeX Info: Redefining \textmicrotypecontext on input line 2156.
Package microtype Info: Loading configuration file microtype.cfg.

("C:\Program Files (x86)\MikeTex 2.9\tex\latex\microtype\microtype.cfg"
File: microtype.cfg 2010/01/10 v2.4 microtype main configuration file (RS)
))
("C:\Program Files (x86)\MikeTex 2.9\tex\latex\psnfss\times.sty"
Package: times 2005/04/12 PSNFSS-v9.2a (SPQR) 
)
("C:\Program Files (x86)\MikeTex 2.9\tex\latex\psnfss\pifont.sty"
Package: pifont 2005/04/12 PSNFSS-v9.2a Pi font support (SPQR) 
LaTeX Font Info:    Try loading font information for U+pzd on input line 63.

("C:\Program Files (x86)\MikeTex 2.9\tex\latex\psnfss\upzd.fd"
File: upzd.fd 2001/06/04 font definitions for U/pzd.
)
LaTeX Font Info:    Try loading font information for U+psy on input line 64.

("C:\Program Files (x86)\MikeTex 2.9\tex\latex\psnfss\upsy.fd"
File: upsy.fd 2001/06/04 font definitions for U/psy.
))
("C:\Program Files (x86)\MikeTex 2.9\tex\latex\amsfonts\amsfonts.sty"
Package: amsfonts 2009/06/22 v3.00 Basic AMSFonts support
\@emptytoks=\toks19
\symAMSa=\mathgroup4
\symAMSb=\mathgroup5
LaTeX Font Info:    Overwriting math alphabet `\mathfrak' in version `bold'
(Font)                  U/euf/m/n --> U/euf/b/n on input line 96.
)
("C:\Program Files (x86)\MikeTex 2.9\tex\latex\psnfss\courier.sty"
Package: courier 2005/04/12 PSNFSS-v9.2a (WaS) 
)
("C:\Program Files (x86)\MikeTex 2.9\tex\latex\base\alltt.sty"
Package: alltt 1997/06/16 v2.0g defines alltt environment
)
("C:\Program Files (x86)\MikeTex 2.9\tex\latex\sectsty\sectsty.sty"
Package: sectsty 2002/02/25 v2.0.2 Commands to change all sectional heading sty
les
)
("C:\Program Files (x86)\MikeTex 2.9\tex\latex\lettrine\lettrine.sty"
File: lettrine.sty 2007/08/08 v1.62 (Daniel Flipo)
\c@DefaultLines=\count92
\DefaultFindent=\dimen105
\DefaultNindent=\dimen106
\DefaultSlope=\dimen107
\L@lbox=\box26
\L@tbox=\box27
\c@L@lines=\count93
\L@Pindent=\dimen108
\L@Findent=\dimen109
\L@Nindent=\dimen110
\L@lraise=\dimen111
\L@first=\dimen112
\L@next=\dimen113
\L@slope=\dimen114
\L@height=\dimen115
\LettrineWidth=\dimen116

Loading lettrine.cfg
("C:\Program Files (x86)\MikeTex 2.9\tex\latex\lettrine\lettrine.cfg"))
("C:\Program Files (x86)\MikeTex 2.9\tex\latex\geometry\geometry.sty"
Package: geometry 2010/09/12 v5.6 Page Geometry

("C:\Program Files (x86)\MikeTex 2.9\tex\generic\oberdiek\ifvtex.sty"
Package: ifvtex 2010/03/01 v1.5 Switches for detecting VTeX and its modes (HO)
Package ifvtex Info: VTeX not detected.
)
("C:\Program Files (x86)\MikeTex 2.9\tex\generic\ifxetex\ifxetex.sty"
Package: ifxetex 2010/09/12 v0.6 Provides ifxetex conditional
)
\Gm@cnth=\count94
\Gm@cntv=\count95
\c@Gm@tempcnt=\count96
\Gm@bindingoffset=\dimen117
\Gm@wd@mp=\dimen118
\Gm@odd@mp=\dimen119
\Gm@even@mp=\dimen120
\Gm@layoutwidth=\dimen121
\Gm@layoutheight=\dimen122
\Gm@layouthoffset=\dimen123
\Gm@layoutvoffset=\dimen124
\Gm@dimlist=\toks20

("C:\Program Files (x86)\MikeTex 2.9\tex\latex\geometry\geometry.cfg"))
("C:\Program Files (x86)\MikeTex 2.9\tex\latex\changepage\changepage.sty"
Package: changepage 2009/10/20 v1.0c check page and change page layout
\c@cp@cntr=\count97
\cp@tempcnt=\count98
)
("C:\Program Files (x86)\MikeTex 2.9\tex\latex\setspace\setspace.sty"
Package: setspace 2000/12/01 6.7 Contributed and Supported LaTeX2e package

Package: `setspace' 6.7 <2000/12/01>
) ("C:\Program Files (x86)\MikeTex 2.9\tex\latex\ulem\ulem.sty"
\UL@box=\box28
\UL@hyphenbox=\box29
\UL@skip=\skip44
\UL@hook=\toks21
\UL@height=\dimen125
\UL@pe=\count99
\UL@pixel=\dimen126
\ULC@box=\box30
Package: ulem 2011/03/18
\ULdepth=\dimen127
)
("C:\Program Files (x86)\MikeTex 2.9\tex\latex\graphics\color.sty"
Package: color 2005/11/14 v1.0j Standard LaTeX Color (DPC)

("C:\Program Files (x86)\MikeTex 2.9\tex\latex\00miktex\color.cfg"
File: color.cfg 2007/01/18 v1.5 color configuration of teTeX/TeXLive
)
Package color Info: Driver file: pdftex.def on input line 130.

("C:\Program Files (x86)\MikeTex 2.9\tex\latex\pdftex-def\pdftex.def"
File: pdftex.def 2011/05/27 v0.06d Graphics/color for pdfTeX

("C:\Program Files (x86)\MikeTex 2.9\tex\generic\oberdiek\infwarerr.sty"
Package: infwarerr 2010/04/08 v1.3 Providing info/warning/message (HO)
)
("C:\Program Files (x86)\MikeTex 2.9\tex\generic\oberdiek\ltxcmds.sty"
Package: ltxcmds 2011/04/18 v1.20 LaTeX kernel commands for general use (HO)
)
\Gread@gobject=\count100
))
("C:\Program Files (x86)\MikeTex 2.9\tex\latex\tools\multicol.sty"
Package: multicol 2011/06/27 v1.7a multicolumn formatting (FMi)
\c@tracingmulticols=\count101
\mult@box=\box31
\multicol@leftmargin=\dimen128
\c@unbalance=\count102
\c@collectmore=\count103
\doublecol@number=\count104
\multicoltolerance=\count105
\multicolpretolerance=\count106
\full@width=\dimen129
\page@free=\dimen130
\premulticols=\dimen131
\postmulticols=\dimen132
\multicolsep=\skip45
\multicolbaselineskip=\skip46
\partial@page=\box32
\last@line=\box33
\mult@rightbox=\box34
\mult@grightbox=\box35
\mult@gfirstbox=\box36
\mult@firstbox=\box37
\@tempa=\box38
\@tempa=\box39
\@tempa=\box40
\@tempa=\box41
\@tempa=\box42
\@tempa=\box43
\@tempa=\box44
\@tempa=\box45
\@tempa=\box46
\@tempa=\box47
\@tempa=\box48
\@tempa=\box49
\@tempa=\box50
\@tempa=\box51
\@tempa=\box52
\@tempa=\box53
\@tempa=\box54
\c@columnbadness=\count107
\c@finalcolumnbadness=\count108
\last@try=\dimen133
\multicolovershoot=\dimen134
\multicolundershoot=\dimen135
\mult@nat@firstbox=\box55
\colbreak@box=\box56
\multicol@sort@counter=\count109
)
("C:\Program Files (x86)\MikeTex 2.9\tex\latex\multirow\multirow.sty"
\bigstrutjot=\dimen136
)
("C:\Program Files (x86)\MikeTex 2.9\tex\latex\ncctools\watermark.sty"
Package: watermark 2004/12/09 v1.1 Watermarks (NCC)
)
("C:\Program Files (x86)\MikeTex 2.9\tex\latex\titlesec\titlesec.sty"
Package: titlesec 2007/08/12 v2.8 Sectioning titles
\ttl@box=\box57
\beforetitleunit=\skip47
\aftertitleunit=\skip48
\ttl@plus=\dimen137
\ttl@minus=\dimen138
\ttl@toksa=\toks22
\titlewidth=\dimen139
\titlewidthlast=\dimen140
\titlewidthfirst=\dimen141
)
("C:\Program Files (x86)\MikeTex 2.9\tex\latex\titlesec\titletoc.sty"
Package: titletoc 2007/08/12 v1.6 TOC entries
\ttl@leftsep=\dimen142
)
\c@documento=\count110

("C:\Program Files (x86)\MikeTex 2.9\tex\latex\tocloft\tocloft.sty"
Package: tocloft 2010/10/13 v2.3e parameterised ToC, etc., typesetting
Package tocloft Info: The document has chapter divisions on input line 43.
\cftparskip=\skip49
\cftbeforetoctitleskip=\skip50
\cftaftertoctitleskip=\skip51
\cftbeforepartskip=\skip52
\cftpartnumwidth=\skip53
\cftpartindent=\skip54
\cftbeforechapskip=\skip55
\cftchapindent=\skip56
\cftchapnumwidth=\skip57
\cftbeforesecskip=\skip58
\cftsecindent=\skip59
\cftsecnumwidth=\skip60
\cftbeforesubsecskip=\skip61
\cftsubsecindent=\skip62
\cftsubsecnumwidth=\skip63
\cftbeforesubsubsecskip=\skip64
\cftsubsubsecindent=\skip65
\cftsubsubsecnumwidth=\skip66
\cftbeforeparaskip=\skip67
\cftparaindent=\skip68
\cftparanumwidth=\skip69
\cftbeforesubparaskip=\skip70
\cftsubparaindent=\skip71
\cftsubparanumwidth=\skip72
\cftbeforeloftitleskip=\skip73
\cftafterloftitleskip=\skip74
\cftbeforefigskip=\skip75
\cftfigindent=\skip76
\cftfignumwidth=\skip77
\c@lofdepth=\count111
\c@lotdepth=\count112
\cftbeforelottitleskip=\skip78
\cftafterlottitleskip=\skip79
\cftbeforetabskip=\skip80
\cfttabindent=\skip81
\cfttabnumwidth=\skip82
)
("C:\Program Files (x86)\MikeTex 2.9\tex\latex\fancyhdr\fancyhdr.sty"
\fancy@headwidth=\skip83
\f@ncyO@elh=\skip84
\f@ncyO@erh=\skip85
\f@ncyO@olh=\skip86
\f@ncyO@orh=\skip87
\f@ncyO@elf=\skip88
\f@ncyO@erf=\skip89
\f@ncyO@olf=\skip90
\f@ncyO@orf=\skip91
)
("C:\Program Files (x86)\MikeTex 2.9\tex\latex\footmisc\footmisc.sty"
Package: footmisc 2011/06/06 v5.5b a miscellany of footnote facilities
\FN@temptoken=\toks23
\footnotemargin=\dimen143


LaTeX Warning: Command \@makecol  has changed.
               Check if current package is valid.

\c@pp@next@reset=\count113
Package footmisc Info: Declaring symbol style bringhurst on input line 855.
Package footmisc Info: Declaring symbol style chicago on input line 863.
Package footmisc Info: Declaring symbol style wiley on input line 872.
Package footmisc Info: Declaring symbol style lamport-robust on input line 883.

Package footmisc Info: Declaring symbol style lamport* on input line 903.
Package footmisc Info: Declaring symbol style lamport*-robust on input line 924
.
) ("C:\Program Files (x86)\MikeTex 2.9\tex\latex\carlisle\remreset.sty")
("C:\Program Files (x86)\MikeTex 2.9\tex\latex\graphics\graphicx.sty"
Package: graphicx 1999/02/16 v1.0f Enhanced LaTeX Graphics (DPC,SPQR)

("C:\Program Files (x86)\MikeTex 2.9\tex\latex\graphics\graphics.sty"
Package: graphics 2009/02/05 v1.0o Standard LaTeX Graphics (DPC,SPQR)

("C:\Program Files (x86)\MikeTex 2.9\tex\latex\graphics\trig.sty"
Package: trig 1999/03/16 v1.09 sin cos tan (DPC)
)
("C:\Program Files (x86)\MikeTex 2.9\tex\latex\00miktex\graphics.cfg"
File: graphics.cfg 2007/01/18 v1.5 graphics configuration of teTeX/TeXLive
)
Package graphics Info: Driver file: pdftex.def on input line 91.
)
\Gin@req@height=\dimen144
\Gin@req@width=\dimen145
)
("C:\Program Files (x86)\MikeTex 2.9\tex\latex\oberdiek\epstopdf.sty"
Package: epstopdf 2010/02/09 v2.5 Conversion with epstopdf on the fly (HO)

("C:\Program Files (x86)\MikeTex 2.9\tex\latex\oberdiek\epstopdf-base.sty"
Package: epstopdf-base 2010/02/09 v2.5 Base part for package epstopdf

("C:\Program Files (x86)\MikeTex 2.9\tex\latex\oberdiek\grfext.sty"
Package: grfext 2010/08/19 v1.1 Managing graphics extensions (HO)

("C:\Program Files (x86)\MikeTex 2.9\tex\generic\oberdiek\kvdefinekeys.sty"
Package: kvdefinekeys 2011/04/07 v1.3 Defining keys (HO)
))
("C:\Program Files (x86)\MikeTex 2.9\tex\latex\oberdiek\kvoptions.sty"
Package: kvoptions 2010/12/23 v3.10 Keyval support for LaTeX options (HO)

("C:\Program Files (x86)\MikeTex 2.9\tex\generic\oberdiek\kvsetkeys.sty"
Package: kvsetkeys 2011/04/07 v1.13 Key value parser (HO)

("C:\Program Files (x86)\MikeTex 2.9\tex\generic\oberdiek\etexcmds.sty"
Package: etexcmds 2011/02/16 v1.5 Prefix for e-TeX command names (HO)

("C:\Program Files (x86)\MikeTex 2.9\tex\generic\oberdiek\ifluatex.sty"
Package: ifluatex 2010/03/01 v1.3 Provides the ifluatex switch (HO)
Package ifluatex Info: LuaTeX not detected.
)
Package etexcmds Info: Could not find \expanded.
(etexcmds)             That can mean that you are not using pdfTeX 1.50 or
(etexcmds)             that some package has redefined \expanded.
(etexcmds)             In the latter case, load this package earlier.
)))
("C:\Program Files (x86)\MikeTex 2.9\tex\generic\oberdiek\pdftexcmds.sty"
Package: pdftexcmds 2011/04/22 v0.16 Utilities of pdfTeX for LuaTeX (HO)
Package pdftexcmds Info: LuaTeX not detected.
Package pdftexcmds Info: \pdf@primitive is available.
Package pdftexcmds Info: \pdf@ifprimitive is available.
Package pdftexcmds Info: \pdfdraftmode found.
)
Package grfext Info: Graphics extension search list:
(grfext)             [.png,.pdf,.jpg,.mps,.jpeg,.jbig2,.jb2,.PNG,.PDF,.JPG,.JPE
G,.JBIG2,.JB2,.eps]
(grfext)             \AppendGraphicsExtensions on input line 452.
))
("C:\Program Files (x86)\MikeTex 2.9\tex\latex\subfig\subfig.sty"
Package: subfig 2005/06/28 ver: 1.3 subfig package

("C:\Program Files (x86)\MikeTex 2.9\tex\latex\caption\caption.sty"
Package: caption 2010/01/09 v3.1m Customizing captions (AR)

("C:\Program Files (x86)\MikeTex 2.9\tex\latex\caption\caption3.sty"
Package: caption3 2010/01/14 v3.1m caption3 kernel (AR)
\captionmargin=\dimen146
\captionmargin@=\dimen147
\captionwidth=\dimen148
\caption@indent=\dimen149
\caption@parindent=\dimen150
\caption@hangindent=\dimen151
)
\c@ContinuedFloat=\count114
)
\c@KVtest=\count115
\sf@farskip=\skip92
\sf@captopadj=\dimen152
\sf@capskip=\skip93
\sf@nearskip=\skip94
\c@subfigure=\count116
\c@subfigure@save=\count117
\c@subtable=\count118
\c@subtable@save=\count119
\sf@top=\skip95
\sf@bottom=\skip96
)
("C:\Program Files (x86)\MikeTex 2.9\tex\latex\wrapfig\wrapfig.sty"
\wrapoverhang=\dimen153
\WF@size=\dimen154
\c@WF@wrappedlines=\count120
\WF@box=\box58
\WF@everypar=\toks24
Package: wrapfig 2003/01/31  v 3.6
)
("C:\Program Files (x86)\MikeTex 2.9\tex\latex\sidecap\sidecap.sty"
Package: sidecap 2003/06/06 v1.6f SideCap Package (RN/HjG)

("C:\Program Files (x86)\MikeTex 2.9\tex\latex\base\ifthen.sty"
Package: ifthen 2001/05/26 v1.1c Standard LaTeX ifthen package (DPC)
)
\SC@BOXWD=\dimen155
\SC@CAPWD=\dimen156
\SC@tempdima=\dimen157
\SC@tempdimb=\dimen158
\c@SC@C=\count121
\SC@BOX=\box59
)
("C:\Program Files (x86)\MikeTex 2.9\tex\latex\oberdiek\grffile.sty"
Package: grffile 2010/12/09 v1.13 Extended file name support for graphics (HO)

("C:\Program Files (x86)\MikeTex 2.9\tex\generic\oberdiek\stringenc.sty"
Package: stringenc 2010/03/01 v1.8 Converts strings between encodings (HO)

("C:\Program Files (x86)\MikeTex 2.9\tex\generic\oberdiek\pdfescape.sty"
Package: pdfescape 2011/04/04 v1.12 Provides string conversions (HO)
))
Package grffile Info: Option `multidot' is set to `true'.
Package grffile Info: Option `extendedchars' is set to `false'.
Package grffile Info: Option `space' is set to `true'.
Package grffile Info: \Gin@ii of package `graphicx' fixed on input line 453.
)
("C:\Program Files (x86)\MikeTex 2.9\tex\latex\booktabs\booktabs.sty"
Package: booktabs 2005/04/14 v1.61803 publication quality tables
\heavyrulewidth=\dimen159
\lightrulewidth=\dimen160
\cmidrulewidth=\dimen161
\belowrulesep=\dimen162
\belowbottomsep=\dimen163
\aboverulesep=\dimen164
\abovetopsep=\dimen165
\cmidrulesep=\dimen166
\cmidrulekern=\dimen167
\defaultaddspace=\dimen168
\@cmidla=\count122
\@cmidlb=\count123
\@aboverulesep=\dimen169
\@belowrulesep=\dimen170
\@thisruleclass=\count124
\@lastruleclass=\count125
\@thisrulewidth=\dimen171
)
("C:\Program Files (x86)\MikeTex 2.9\tex\latex\xtab\xtab.sty"
Package: xtab 2010/02/06 v2.3e Extended supertabular package
\c@tracingst=\count126
\PWSTcapht=\dimen172
\ST@wd=\dimen173
\ST@rightskip=\skip97
\ST@leftskip=\skip98
\ST@parfillskip=\skip99
\c@PWSTtable=\count127
\PWSTlastpage=\count128
\PWSTpenultimate=\count129
\PWSTcurpage=\count130
\PWSTtempc=\count131
\PWSTlines=\count132
\PWST@lastht=\dimen174
\PWST@generalht=\dimen175
\PWST@ht=\dimen176
\ST@pageleft=\dimen177
\ST@headht=\dimen178
\ST@tailht=\dimen179
\ST@pagesofar=\dimen180
\ST@pboxht=\dimen181
\ST@lineht=\dimen182
\ST@stretchht=\dimen183
\ST@prevht=\dimen184
\ST@toadd=\dimen185
\ST@dimen=\dimen186
\ST@pbox=\box60
)
("C:\Program Files (x86)\MikeTex 2.9\tex\latex\colortbl\colortbl.sty"
Package: colortbl 2001/02/13 v0.1j Color table columns (DPC)

("C:\Program Files (x86)\MikeTex 2.9\tex\latex\tools\array.sty"
Package: array 2008/09/09 v2.4c Tabular extension package (FMi)
\col@sep=\dimen187
\extrarowheight=\dimen188
\NC@list=\toks25
\extratabsurround=\skip100
\backup@length=\skip101
)
\everycr=\toks26
\minrowclearance=\skip102
)
\Linewidth=\skip103

("C:\Program Files (x86)\MikeTex 2.9\tex\latex\ams\math\amsmath.sty"
Package: amsmath 2000/07/18 v2.13 AMS math features
\@mathmargin=\skip104

For additional information on amsmath, use the `?' option.
("C:\Program Files (x86)\MikeTex 2.9\tex\latex\ams\math\amstext.sty"
Package: amstext 2000/06/29 v2.01

("C:\Program Files (x86)\MikeTex 2.9\tex\latex\ams\math\amsgen.sty"
File: amsgen.sty 1999/11/30 v2.0
\@emptytoks=\toks27
\ex@=\dimen189
))
("C:\Program Files (x86)\MikeTex 2.9\tex\latex\ams\math\amsbsy.sty"
Package: amsbsy 1999/11/29 v1.2d
\pmbraise@=\dimen190
)
("C:\Program Files (x86)\MikeTex 2.9\tex\latex\ams\math\amsopn.sty"
Package: amsopn 1999/12/14 v2.01 operator names
)
\inf@bad=\count133
LaTeX Info: Redefining \frac on input line 211.
\uproot@=\count134
\leftroot@=\count135
LaTeX Info: Redefining \overline on input line 307.
\classnum@=\count136
\DOTSCASE@=\count137
LaTeX Info: Redefining \ldots on input line 379.
LaTeX Info: Redefining \dots on input line 382.
LaTeX Info: Redefining \cdots on input line 467.
\Mathstrutbox@=\box61
\strutbox@=\box62
\big@size=\dimen191
LaTeX Font Info:    Redeclaring font encoding OML on input line 567.
LaTeX Font Info:    Redeclaring font encoding OMS on input line 568.
\macc@depth=\count138
\c@MaxMatrixCols=\count139
\dotsspace@=\muskip10
\c@parentequation=\count140
\dspbrk@lvl=\count141
\tag@help=\toks28
\row@=\count142
\column@=\count143
\maxfields@=\count144
\andhelp@=\toks29
\eqnshift@=\dimen192
\alignsep@=\dimen193
\tagshift@=\dimen194
\tagwidth@=\dimen195
\totwidth@=\dimen196
\lineht@=\dimen197
\@envbody=\toks30
\multlinegap=\skip105
\multlinetaggap=\skip106
\mathdisplay@stack=\toks31
LaTeX Info: Redefining \[ on input line 2666.
LaTeX Info: Redefining \] on input line 2667.
)
("C:\Program Files (x86)\MikeTex 2.9\tex\latex\amsfonts\amssymb.sty"
Package: amssymb 2009/06/22 v3.00
)
("C:\Program Files (x86)\MikeTex 2.9\tex\latex\ams\classes\amsthm.sty"
Package: amsthm 2004/08/06 v2.20
\thm@style=\toks32
\thm@bodyfont=\toks33
\thm@headfont=\toks34
\thm@notefont=\toks35
\thm@headpunct=\toks36
\thm@preskip=\skip107
\thm@postskip=\skip108
\thm@headsep=\skip109
\dth@everypar=\toks37
)
("C:\Program Files (x86)\MikeTex 2.9\tex\latex\tools\verbatim.sty"
Package: verbatim 2003/08/22 v1.5q LaTeX2e package for verbatim enhancements
\every@verbatim=\toks38
\verbatim@line=\toks39
\verbatim@in@stream=\read1
)
("C:\Program Files (x86)\MikeTex 2.9\tex\latex\listings\listings.sty"
\lst@mode=\count145
\lst@gtempboxa=\box63
\lst@token=\toks40
\lst@length=\count146
\lst@currlwidth=\dimen198
\lst@column=\count147
\lst@pos=\count148
\lst@lostspace=\dimen199
\lst@width=\dimen200
\lst@newlines=\count149
\lst@lineno=\count150
\lst@maxwidth=\dimen201

("C:\Program Files (x86)\MikeTex 2.9\tex\latex\listings\lstmisc.sty"
File: lstmisc.sty 2007/02/22 1.4 (Carsten Heinz)
\c@lstnumber=\count151
\lst@skipnumbers=\count152
\lst@framebox=\box64
)
("C:\Program Files (x86)\MikeTex 2.9\tex\latex\listings\listings.cfg"
File: listings.cfg 2007/02/22 1.4 listings configuration
))
Package: listings 2007/02/22 1.4 (Carsten Heinz)

("C:\Program Files (x86)\MikeTex 2.9\tex\latex\eurosym\eurosym.sty"
Package: eurosym 1998/08/06 v1.1 European currency symbol ``Euro''
\@eurobox=\box65
)
("C:\Program Files (x86)\MikeTex 2.9\tex\latex\units\units.sty"
Package: units 1998/08/04 v0.9b Typesetting units

("C:\Program Files (x86)\MikeTex 2.9\tex\latex\units\nicefrac.sty"
Package: nicefrac 1998/08/04 v0.9b Nice fractions
\L@UnitsRaiseDisplaystyle=\skip110
\L@UnitsRaiseTextstyle=\skip111
\L@UnitsRaiseScriptstyle=\skip112
LaTeX Info: Redefining \nicefrac on input line 131.
))
("C:\Program Files (x86)\MikeTex 2.9\tex\latex\lipsum\lipsum.sty"
Package: lipsum 2011/04/14 v1.2 150 paragraphs of Lorem Ipsum dummy text
\c@lips@count=\count153
)
("C:\Program Files (x86)\MikeTex 2.9\tex\latex\pdfpages\pdfpages.sty"
Package: pdfpages 2011/03/10 v0.4n Insert pages of external PDF documents (AM)

("C:\Program Files (x86)\MikeTex 2.9\tex\latex\tools\calc.sty"
Package: calc 2007/08/22 v4.3 Infix arithmetic (KKT,FJ)
\calc@Acount=\count154
\calc@Bcount=\count155
\calc@Adimen=\dimen202
\calc@Bdimen=\dimen203
\calc@Askip=\skip113
\calc@Bskip=\skip114
LaTeX Info: Redefining \setlength on input line 76.
LaTeX Info: Redefining \addtolength on input line 77.
\calc@Ccount=\count156
\calc@Cskip=\skip115
)
("C:\Program Files (x86)\MikeTex 2.9\tex\latex\eso-pic\eso-pic.sty"
Package: eso-pic 2010/10/06 v2.0c eso-pic (RN)

("C:\Program Files (x86)\MikeTex 2.9\tex\generic\oberdiek\atbegshi.sty"
Package: atbegshi 2011/01/30 v1.15 At begin shipout hook (HO)
))
("C:\Program Files (x86)\MikeTex 2.9\tex\latex\pdfpages\pppdftex.def"
File: pppdftex.def 2011/03/10 v0.4n Pdfpages driver for pdfTeX (AM)
)
\AM@pagebox=\box66
\AM@toc@title=\toks41
\c@AM@survey=\count157
\AM@templatesizebox=\box67
)
("C:\Program Files (x86)\MikeTex 2.9\tex\latex\hyperref\hyperref.sty"
Package: hyperref 2011/04/17 v6.82g Hypertext links for LaTeX

("C:\Program Files (x86)\MikeTex 2.9\tex\generic\oberdiek\hobsub-hyperref.sty"
Package: hobsub-hyperref 2011/04/23 v1.4 Bundle oberdiek, subset hyperref (HO)

("C:\Program Files (x86)\MikeTex 2.9\tex\generic\oberdiek\hobsub-generic.sty"
Package: hobsub-generic 2011/04/23 v1.4 Bundle oberdiek, subset generic (HO)
Package: hobsub 2011/04/23 v1.4 Subsetting bundle oberdiek (HO)
Package hobsub Info: Skipping package `infwarerr' (already loaded).
Package hobsub Info: Skipping package `ltxcmds' (already loaded).
Package hobsub Info: Skipping package `ifluatex' (already loaded).
Package hobsub Info: Skipping package `ifvtex' (already loaded).
Package: intcalc 2007/09/27 v1.1 Expandable integer calculations (HO)
Package hobsub Info: Skipping package `ifpdf' (already loaded).
Package hobsub Info: Skipping package `etexcmds' (already loaded).
Package hobsub Info: Skipping package `kvsetkeys' (already loaded).
Package hobsub Info: Skipping package `kvdefinekeys' (already loaded).
Package hobsub Info: Skipping package `pdftexcmds' (already loaded).
Package hobsub Info: Skipping package `pdfescape' (already loaded).
Package: bigintcalc 2011/01/30 v1.2 Expandable big integer calculations (HO)
Package: bitset 2011/01/30 v1.1 Data type bit set (HO)
Package: uniquecounter 2011/01/30 v1.2 Provides unlimited unique counter (HO)
)
Package hobsub Info: Skipping package `hobsub' (already loaded).
Package: letltxmacro 2010/09/02 v1.4 Let assignment for LaTeX macros (HO)
Package: hopatch 2011/01/30 v1.0 Wrapper for package hooks (HO)
Package: xcolor-patch 2011/01/30 xcolor patch
Package: atveryend 2011/04/23 v1.7 Hooks at very end of document (HO)
Package hobsub Info: Skipping package `atbegshi' (already loaded).
Package: refcount 2010/12/01 v3.2 Data extraction from references (HO)
Package: hycolor 2011/01/30 v1.7 Color options of hyperref/bookmark (HO)
)
\@linkdim=\dimen204
\Hy@linkcounter=\count158
\Hy@pagecounter=\count159
("C:\Program Files (x86)\MikeTex 2.9\tex\latex\hyperref\pd1enc.def"
File: pd1enc.def 2011/04/17 v6.82g Hyperref: PDFDocEncoding definition (HO)
)
\Hy@SavedSpaceFactor=\count160

("C:\Program Files (x86)\MikeTex 2.9\tex\latex\00miktex\hyperref.cfg"
File: hyperref.cfg 2002/06/06 v1.2 hyperref configuration of TeXLive
)
Package hyperref Info: Hyper figures OFF on input line 4026.
Package hyperref Info: Link nesting OFF on input line 4031.
Package hyperref Info: Hyper index ON on input line 4034.
Package hyperref Info: Plain pages OFF on input line 4041.
Package hyperref Info: Backreferencing OFF on input line 4046.
Package hyperref Info: Implicit mode ON; LaTeX internals redefined.
Package hyperref Info: Bookmarks ON on input line 4264.
\c@Hy@tempcnt=\count161

("C:\Program Files (x86)\MikeTex 2.9\tex\latex\ltxmisc\url.sty"
\Urlmuskip=\muskip11
Package: url 2006/04/12  ver 3.3  Verb mode for urls, etc.
)
LaTeX Info: Redefining \url on input line 4617.
\Fld@menulength=\count162
\Field@Width=\dimen205
\Fld@charsize=\dimen206
Package hyperref Info: Hyper figures OFF on input line 5701.
Package hyperref Info: Link nesting OFF on input line 5706.
Package hyperref Info: Hyper index ON on input line 5709.
Package hyperref Info: backreferencing OFF on input line 5716.
Package hyperref Info: Link coloring OFF on input line 5721.
Package hyperref Info: Link coloring with OCG OFF on input line 5726.
Package hyperref Info: PDF/A mode OFF on input line 5731.
LaTeX Info: Redefining \ref on input line 5771.
LaTeX Info: Redefining \pageref on input line 5775.
\Hy@abspage=\count163
\c@Item=\count164
\c@Hfootnote=\count165
)

Package hyperref Message: Driver: hpdftex.

("C:\Program Files (x86)\MikeTex 2.9\tex\latex\hyperref\hpdftex.def"
File: hpdftex.def 2011/04/17 v6.82g Hyperref driver for pdfTeX
\Fld@listcount=\count166
\c@bookmark@seq@number=\count167

("C:\Program Files (x86)\MikeTex 2.9\tex\latex\oberdiek\rerunfilecheck.sty"
Package: rerunfilecheck 2011/04/15 v1.7 Rerun checks for auxiliary files (HO)
Package uniquecounter Info: New unique counter `rerunfilecheck' on input line 2
82.
)
\Hy@SectionHShift=\skip116
)
Package hyperref Info: Option `pdffitwindow' set `true' on input line 550.
Package hyperref Info: Option `pdfnewwindow' set `true' on input line 550.
Package hyperref Info: Option `colorlinks' set `true' on input line 550.
Package hyperref Info: Option `hypertexnames' set `false' on input line 550.
Package hyperref Info: Option `bookmarksnumbered' set `true' on input line 550.

Package hyperref Info: Option `bookmarksopen' set `true' on input line 550.

("C:\Program Files (x86)\MikeTex 2.9\tex\latex\oberdiek\hypcap.sty"
Package: hypcap 2011/02/16 v1.11 Adjusting anchors of captions (HO)
)
("C:\Program Files (x86)\MikeTex 2.9\tex\latex\float\float.sty"
Package: float 2001/11/08 v1.3d Float enhancements (AL)
\c@float@type=\count168
\float@exts=\toks42
\float@box=\box68
\@float@everytoks=\toks43
\@floatcapt=\box69
)
\c@codigo=\count169
\cftbeforecodigoskip=\skip117
\cftcodigoindent=\skip118
\cftcodigonumwidth=\skip119
\c@locdepth=\count170
\cftbeforeloctitleskip=\skip120
\cftafterloctitleskip=\skip121
\c@code=\count171
\cftbeforecodeskip=\skip122
\cftcodeindent=\skip123
\cftcodenumwidth=\skip124
\@float@every@code=\toks44

("D:\PlantillaLatex\Plantilla LaTeX\ProyectoFinCarrera.aux")
LaTeX Font Info:    Checking defaults for OML/cmm/m/it on input line 733.
LaTeX Font Info:    ... okay on input line 733.
LaTeX Font Info:    Checking defaults for T1/cmr/m/n on input line 733.
LaTeX Font Info:    ... okay on input line 733.
LaTeX Font Info:    Checking defaults for OT1/cmr/m/n on input line 733.
LaTeX Font Info:    ... okay on input line 733.
LaTeX Font Info:    Checking defaults for OMS/cmsy/m/n on input line 733.
LaTeX Font Info:    ... okay on input line 733.
LaTeX Font Info:    Checking defaults for OMX/cmex/m/n on input line 733.
LaTeX Font Info:    ... okay on input line 733.
LaTeX Font Info:    Checking defaults for U/cmr/m/n on input line 733.
LaTeX Font Info:    ... okay on input line 733.
LaTeX Font Info:    Checking defaults for PD1/pdf/m/n on input line 733.
LaTeX Font Info:    ... okay on input line 733.
LaTeX Font Info:    Try loading font information for T1+ptm on input line 733.

("C:\Program Files (x86)\MikeTex 2.9\tex\latex\psnfss\t1ptm.fd"
File: t1ptm.fd 2001/06/04 font definitions for T1/ptm.
)
LaTeX Info: Redefining \microtypecontext on input line 733.
Package microtype Info: Generating PDF output.
Package microtype Info: Character protrusion enabled (level 2).
Package microtype Info: Using default protrusion set `alltext'.
Package microtype Info: Automatic font expansion enabled (level 2),
(microtype)             stretch: 20, shrink: 20, step: 1, non-selected.
Package microtype Info: Using default expansion set `basictext'.
Package microtype Info: No tracking.
Package microtype Info: No adjustment of interword spacing.
Package microtype Info: No adjustment of character kerning.

("C:\Program Files (x86)\MikeTex 2.9\tex\latex\microtype\mt-ptm.cfg"
File: mt-ptm.cfg 2006/04/20 v1.7 microtype config. file: Times (RS)
)
*geometry* driver: auto-detecting
*geometry* detected driver: pdftex
*geometry* verbose mode - [ preamble ] result:
* driver: pdftex
* paper: a4paper
* layout: <same size as paper>
* layoutoffset:(h,v)=(0.0pt,0.0pt)
* modes: twoside 
* h-part:(L,W,R)=(85.35826pt, 455.24411pt, 56.9055pt)
* v-part:(T,H,B)=(71.13188pt, 717.00946pt, 56.9055pt)
* \paperwidth=597.50787pt
* \paperheight=845.04684pt
* \textwidth=455.24411pt
* \textheight=717.00946pt
* \oddsidemargin=13.08827pt
* \evensidemargin=-15.36449pt
* \topmargin=-33.0119pt
* \headheight=13.0pt
* \headsep=19.8738pt
* \topskip=12.0pt
* \footskip=36.0pt
* \marginparwidth=88.0pt
* \marginparsep=7.0pt
* \columnsep=10.0pt
* \skip\footins=10.8pt plus 4.0pt minus 2.0pt
* \hoffset=0.0pt
* \voffset=-13.0pt
* \mag=1000
* \@twocolumnfalse
* \@twosidetrue
* \@mparswitchtrue
* \@reversemarginfalse
* (1in=72.27pt=25.4mm, 1cm=28.453pt)

("C:\Program Files (x86)\MikeTex 2.9\tex\context\base\supp-pdf.mkii"
[Loading MPS to PDF converter (version 2006.09.02).]
\scratchcounter=\count172
\scratchdimen=\dimen207
\scratchbox=\box70
\nofMPsegments=\count173
\nofMParguments=\count174
\everyMPshowfont=\toks45
\MPscratchCnt=\count175
\MPscratchDim=\dimen208
\MPnumerator=\count176
\makeMPintoPDFobject=\count177
\everyMPtoPDFconversion=\toks46
)
Package caption Info: Begin \AtBeginDocument code.
Package caption3 Info: subfig package 1.2 or 1.3 is loaded.
LaTeX Info: Redefining \subref on input line 733.
Package caption Info: float package is loaded.
Package caption Info: hyperref package is loaded.
Package caption Info: hypcap package is loaded.
Package caption Info: listings package is loaded.
Package caption Info: sidecap package is loaded.
Package caption Info: xtab package is loaded.
Package caption Info: wrapfig package is loaded.
Package caption Info: End \AtBeginDocument code.
 ("C:\Program Files (x86)\MikeTex 2.9\tex\latex\ms\ragged2e.sty"
Package: ragged2e 2009/05/21 v2.1 ragged2e Package (MS)

("C:\Program Files (x86)\MikeTex 2.9\tex\latex\ms\everysel.sty"
Package: everysel 2009/05/30 v1.1 EverySelectfont Package (MS)
LaTeX Info: Redefining \selectfont on input line 117.
)
\CenteringLeftskip=\skip125
\RaggedLeftLeftskip=\skip126
\RaggedRightLeftskip=\skip127
\CenteringRightskip=\skip128
\RaggedLeftRightskip=\skip129
\RaggedRightRightskip=\skip130
\CenteringParfillskip=\skip131
\RaggedLeftParfillskip=\skip132
\RaggedRightParfillskip=\skip133
\JustifyingParfillskip=\skip134
\CenteringParindent=\skip135
\RaggedLeftParindent=\skip136
\RaggedRightParindent=\skip137
\JustifyingParindent=\skip138
)
\c@lstlisting=\count178
\AtBeginShipoutBox=\box71
Package hyperref Info: Link coloring ON on input line 733.

("C:\Program Files (x86)\MikeTex 2.9\tex\latex\hyperref\nameref.sty"
Package: nameref 2010/04/30 v2.40 Cross-referencing by name of section

("C:\Program Files (x86)\MikeTex 2.9\tex\generic\oberdiek\gettitlestring.sty"
Package: gettitlestring 2010/12/03 v1.4 Cleanup title references (HO)
)
\c@section@level=\count179
)
LaTeX Info: Redefining \ref on input line 733.
LaTeX Info: Redefining \pageref on input line 733.
LaTeX Info: Redefining \nameref on input line 733.
("D:\PlantillaLatex\Plantilla LaTeX\ProyectoFinCarrera.out")
("D:\PlantillaLatex\Plantilla LaTeX\ProyectoFinCarrera.out")
\@outlinefile=\write3

("D:\PlantillaLatex\Plantilla LaTeX\Contraportada.tex"
LaTeX Font Info:    Try loading font information for T1+lmss on input line 7.

("C:\Program Files (x86)\MikeTex 2.9\tex\latex\lm\t1lmss.fd"
File: t1lmss.fd 2009/10/30 v1.6 Font defs for Latin Modern
)
LaTeX Font Info:    Try loading font information for T1+ppl on input line 11.

("C:\Program Files (x86)\MikeTex 2.9\tex\latex\psnfss\t1ppl.fd"
File: t1ppl.fd 2001/06/04 font definitions for T1/ppl.
)
("C:\Program Files (x86)\MikeTex 2.9\tex\latex\microtype\mt-ppl.cfg"
File: mt-ppl.cfg 2005/11/16 v1.6 microtype config. file: Palatino (RS)
)
LaTeX Font Info:    Font shape `T1/ppl/bx/n' in size <14.4> not available
(Font)              Font shape `T1/ppl/b/n' tried instead on input line 11.
)
("D:\PlantillaLatex\Plantilla LaTeX\Autorizacion.tex" [1



{C:/Users/linares/AppData/Local/MiKTeX/2.9/pdftex/config/pdftex.map}]
LaTeX Font Info:    Font shape `T1/ptm/bx/n' in size <12> not available
(Font)              Font shape `T1/ptm/b/n' tried instead on input line 36.

("C:\Program Files (x86)\MikeTex 2.9\tex\latex\microtype\mt-cmr.cfg"
File: mt-cmr.cfg 2009/11/09 v2.0 microtype config. file: Computer Modern Roman 
(RS)
)
LaTeX Font Info:    Try loading font information for U+msa on input line 36.

("C:\Program Files (x86)\MikeTex 2.9\tex\latex\amsfonts\umsa.fd"
File: umsa.fd 2009/06/22 v3.00 AMS symbols A
)
("C:\Program Files (x86)\MikeTex 2.9\tex\latex\microtype\mt-msa.cfg"
File: mt-msa.cfg 2006/02/04 v1.1 microtype config. file: AMS symbols (a) (RS)
)
LaTeX Font Info:    Try loading font information for U+msb on input line 36.

("C:\Program Files (x86)\MikeTex 2.9\tex\latex\amsfonts\umsb.fd"
File: umsb.fd 2009/06/22 v3.00 AMS symbols B
)
("C:\Program Files (x86)\MikeTex 2.9\tex\latex\microtype\mt-msb.cfg"
File: mt-msb.cfg 2005/06/01 v1.0 microtype config. file: AMS symbols (b) (RS)
))
("D:\PlantillaLatex\Plantilla LaTeX\Portada.tex" [2

]
<./Imagenes/Logo.pdf, id=228, 85.4101pt x 82.45303pt>
File: ./Imagenes/Logo.pdf Graphic file (type pdf)

<use ./Imagenes/Logo.pdf>
Package pdftex.def Info: ./Imagenes/Logo.pdf used on input line 9.
(pdftex.def)             Requested size: 85.40987pt x 82.45282pt.
LaTeX Font Info:    Font shape `T1/ptm/bx/n' in size <14> not available
(Font)              Font shape `T1/ptm/b/n' tried instead on input line 17.
LaTeX Font Info:    Font shape `T1/ptm/bx/n' in size <20.74> not available
(Font)              Font shape `T1/ptm/b/n' tried instead on input line 28.
) ("D:\PlantillaLatex\Plantilla LaTeX\Resumen.tex"
[3

 <D:/PlantillaLatex/Plantilla LaTeX/Imagenes/Logo.pdf, page is rotated 90 degre
es>]
LaTeX Font Info:    Font shape `T1/ptm/bx/n' in size <10> not available
(Font)              Font shape `T1/ptm/b/n' tried instead on input line 3.
 [4


]
LaTeX Font Info:    Font shape `T1/ptm/bx/n' in size <24.88> not available
(Font)              Font shape `T1/ptm/b/n' tried instead on input line 3.
) ("D:\PlantillaLatex\Plantilla LaTeX\Abstract.tex" [5] [6


])
("D:\PlantillaLatex\Plantilla LaTeX\Dedicatoria.tex" [7])
("D:\PlantillaLatex\Plantilla LaTeX\Agradecimientos.tex" [8

]) [9


] [10

]
LaTeX Font Info:    Font shape `T1/ppl/bx/n' in size <36> not available
(Font)              Font shape `T1/ppl/b/n' tried instead on input line 752.
LaTeX Font Info:    Font shape `T1/ppl/bx/n' in size <40> not available
(Font)              Font shape `T1/ppl/b/n' tried instead on input line 752.

<./Imagenes/ComillasWatermark.pdf, id=269, 182.64636pt x 182.9746pt>
File: ./Imagenes/ComillasWatermark.pdf Graphic file (type pdf)

<use ./Imagenes/ComillasWatermark.pdf>
Package pdftex.def Info: ./Imagenes/ComillasWatermark.pdf used on input line 75
3.
(pdftex.def)             Requested size: 273.96886pt x 274.4612pt.
 [1


 <D:/PlantillaLatex/Plantilla LaTeX/Imagenes/ComillasWatermark.pdf, page is rot
ated 90 degrees>]
\c@ttl@toc@toc=\count180
 [2


]
("D:\PlantillaLatex\Plantilla LaTeX\ProyectoFinCarrera.ptc"
LaTeX Font Info:    Font shape `T1/ptm/bx/n' in size <14.4> not available
(Font)              Font shape `T1/ptm/b/n' tried instead on input line 6.
) [3]
("D:\PlantillaLatex\Plantilla LaTeX\ProyectoFinCarrera.lof")
\tf@lof=\write4
 [4


]
("D:\PlantillaLatex\Plantilla LaTeX\ProyectoFinCarrera.lot")
\tf@lot=\write5
 [5

]
("D:\PlantillaLatex\Plantilla LaTeX\ProyectoFinCarrera.loc")
\tf@loc=\write6

("D:\PlantillaLatex\Plantilla LaTeX\Acronimos.tex" [6

])
("D:\PlantillaLatex\Plantilla LaTeX\Simbolos.tex" [7


] [8


]) [9] [10


]
LaTeX Font Info:    Font shape `T1/ppl/bx/n' in size <30> not available
(Font)              Font shape `T1/ppl/b/n' tried instead on input line 760.
File: ./Imagenes/ComillasWatermark.pdf Graphic file (type pdf)

<use ./Imagenes/ComillasWatermark.pdf>
Package pdftex.def Info: ./Imagenes/ComillasWatermark.pdf used on input line 76
0.
(pdftex.def)             Requested size: 273.96886pt x 274.4612pt.
 [11] [12]
("D:\PlantillaLatex\Plantilla LaTeX\Capitulo01.tex"
Cap\'{\i }tulo 1.
LaTeX Font Info:    Font shape `T1/ptm/bx/n' in size <17.28> not available
(Font)              Font shape `T1/ptm/b/n' tried instead on input line 4.
LaTeX Font Info:    Try loading font information for T1+pcr on input line 14.
("C:\Program Files (x86)\MikeTex 2.9\tex\latex\psnfss\t1pcr.fd"
File: t1pcr.fd 2001/06/04 font definitions for T1/pcr.
) [13

]
Overfull \hbox (11.44371pt too wide) in paragraph at lines 29--30
\T1/ptm/m/n/12 (-20) man-do []\T1/pcr/m/n/10.95 \adjustwidth \T1/ptm/m/n/12 (-2
0) en \T1/pcr/m/n/10.95 Contraportada.tex\T1/ptm/m/n/12 (-20) , \T1/pcr/m/n/10.
95 Autorización.tex\T1/ptm/m/n/12 (-20) , y \T1/pcr/m/n/10.95 Portada.tex\T1/pt
m/m/n/12 (-20) . 
 []

) ("D:\PlantillaLatex\Plantilla LaTeX\Capitulo02.tex" [14]
Cap\'{\i }tulo 2.
<./Imagenes/LaTeXLogo.pdf, id=387, 804.00375pt x 335.2525pt>
File: ./Imagenes/LaTeXLogo.pdf Graphic file (type pdf)

<use ./Imagenes/LaTeXLogo.pdf>
Package pdftex.def Info: ./Imagenes/LaTeXLogo.pdf used on input line 16.
(pdftex.def)             Requested size: 361.79836pt x 150.86223pt.
LaTeX Font Info:    Try loading font information for OMS+ptm on input line 22.

("C:\Program Files (x86)\MikeTex 2.9\tex\latex\psnfss\omsptm.fd"
File: omsptm.fd 
)
LaTeX Font Info:    Font shape `OMS/ptm/m/n' in size <12> not available
(Font)              Font shape `OMS/cmsy/m/n' tried instead on input line 22.
 [15

 <D:/PlantillaLatex/Plantilla LaTeX/Imagenes/LaTeXLogo.pdf>] [16] [17]
("C:\Program Files (x86)\MikeTex 2.9\tex\latex\listings\lstlang1.sty"
File: lstlang1.sty 2004/09/05 1.3 listings language file
)
("C:\Program Files (x86)\MikeTex 2.9\tex\latex\listings\lstlang1.sty"
File: lstlang1.sty 2004/09/05 1.3 listings language file
)
("C:\Program Files (x86)\MikeTex 2.9\tex\latex\listings\lstlang1.sty"
File: lstlang1.sty 2004/09/05 1.3 listings language file
)
("C:\Program Files (x86)\MikeTex 2.9\tex\latex\listings\lstmisc.sty"
File: lstmisc.sty 2007/02/22 1.4 (Carsten Heinz)
) [18])
("D:\PlantillaLatex\Plantilla LaTeX\Capitulo03.tex" [19] [20

]
Cap\'{\i }tulo 3.
) ("D:\PlantillaLatex\Plantilla LaTeX\Bibliografia.tex" [21] [22


])
("D:\PlantillaLatex\Plantilla LaTeX\EstudioEconomico.tex" [23] [24


]
File: ./Imagenes/ComillasWatermark.pdf Graphic file (type pdf)

<use ./Imagenes/ComillasWatermark.pdf>
Package pdftex.def Info: ./Imagenes/ComillasWatermark.pdf used on input line 1.

(pdftex.def)             Requested size: 273.96886pt x 274.4612pt.
 [25] [26])
("D:\PlantillaLatex\Plantilla LaTeX\ManualUsuario.tex"
File: ./Imagenes/ComillasWatermark.pdf Graphic file (type pdf)

<use ./Imagenes/ComillasWatermark.pdf>
Package pdftex.def Info: ./Imagenes/ComillasWatermark.pdf used on input line 1.

(pdftex.def)             Requested size: 273.96886pt x 274.4612pt.
 [27


] [28])
("D:\PlantillaLatex\Plantilla LaTeX\CodigoFuente.tex"
File: ./Imagenes/ComillasWatermark.pdf Graphic file (type pdf)

<use ./Imagenes/ComillasWatermark.pdf>
Package pdftex.def Info: ./Imagenes/ComillasWatermark.pdf used on input line 1.

(pdftex.def)             Requested size: 273.96886pt x 274.4612pt.
 [29


] [30]
Cap\'{\i }tulo 1.
("D:\PlantillaLatex\Plantilla LaTeX\Codigo/main.c"))
("D:\PlantillaLatex\Plantilla LaTeX\HojasCaracteristicas.tex" [31

] [32


]
File: ./Imagenes/ComillasWatermark.pdf Graphic file (type pdf)

<use ./Imagenes/ComillasWatermark.pdf>
Package pdftex.def Info: ./Imagenes/ComillasWatermark.pdf used on input line 1.

(pdftex.def)             Requested size: 273.96886pt x 274.4612pt.
 [33] [34]
LaTeX Font Info:    Font shape `T1/ppl/bx/n' in size <26> not available
(Font)              Font shape `T1/ppl/b/n' tried instead on input line 2.

<./Imagenes/ICAIWatermark.pdf, id=513, 1285.80376pt x 1257.69875pt>
File: ./Imagenes/ICAIWatermark.pdf Graphic file (type pdf)

<use ./Imagenes/ICAIWatermark.pdf>
Package pdftex.def Info: ./Imagenes/ICAIWatermark.pdf used on input line 2.
(pdftex.def)             Requested size: 321.45015pt x 314.42392pt.
 [35

 <D:/PlantillaLatex/Plantilla LaTeX/Imagenes/ICAIWatermark.pdf>]
<Datasheets/ReguladorDCDC.pdf, id=524, page=1, 578.16pt x 845.04704pt>
File: Datasheets/ReguladorDCDC.pdf Graphic file (type pdf)

<use Datasheets/ReguladorDCDC.pdf, page 1>
Package pdftex.def Info: Datasheets/ReguladorDCDC.pdf, page1 used on input line
 2.
(pdftex.def)             Requested size: 578.15858pt x 845.04498pt.
File: Datasheets/ReguladorDCDC.pdf Graphic file (type pdf)

<use Datasheets/ReguladorDCDC.pdf, page 1>
Package pdftex.def Info: Datasheets/ReguladorDCDC.pdf, page1 used on input line
 2.
(pdftex.def)             Requested size: 578.18504pt x 845.08366pt.
File: Datasheets/ReguladorDCDC.pdf Graphic file (type pdf)

<use Datasheets/ReguladorDCDC.pdf, page 1>
Package pdftex.def Info: Datasheets/ReguladorDCDC.pdf, page1 used on input line
 2.
(pdftex.def)             Requested size: 578.18504pt x 845.08366pt.
File: Datasheets/ReguladorDCDC.pdf Graphic file (type pdf)

<use Datasheets/ReguladorDCDC.pdf, page 1>
Package pdftex.def Info: Datasheets/ReguladorDCDC.pdf, page1 used on input line
 2.
(pdftex.def)             Requested size: 578.18504pt x 845.08366pt.
File: Datasheets/ReguladorDCDC.pdf Graphic file (type pdf)

<use Datasheets/ReguladorDCDC.pdf, page 1>
Package pdftex.def Info: Datasheets/ReguladorDCDC.pdf, page1 used on input line
 2.
(pdftex.def)             Requested size: 578.18504pt x 845.08366pt.
 [36 <D:/PlantillaLatex/Plantilla LaTeX/Datasheets/ReguladorDCDC.pdf>]
<Datasheets/ReguladorDCDC.pdf, id=583, page=2, 578.16pt x 845.04704pt>
File: Datasheets/ReguladorDCDC.pdf Graphic file (type pdf)

<use Datasheets/ReguladorDCDC.pdf, page 2>
Package pdftex.def Info: Datasheets/ReguladorDCDC.pdf, page2 used on input line
 2.
(pdftex.def)             Requested size: 578.18504pt x 845.08366pt.
File: Datasheets/ReguladorDCDC.pdf Graphic file (type pdf)

<use Datasheets/ReguladorDCDC.pdf, page 2>
Package pdftex.def Info: Datasheets/ReguladorDCDC.pdf, page2 used on input line
 2.
(pdftex.def)             Requested size: 578.18504pt x 845.08366pt.
File: Datasheets/ReguladorDCDC.pdf Graphic file (type pdf)

<use Datasheets/ReguladorDCDC.pdf, page 2>
Package pdftex.def Info: Datasheets/ReguladorDCDC.pdf, page2 used on input line
 2.
(pdftex.def)             Requested size: 578.18504pt x 845.08366pt.
 [37 <D:/PlantillaLatex/Plantilla LaTeX/Datasheets/ReguladorDCDC.pdf>]
<Datasheets/ReguladorDCDC.pdf, id=592, page=3, 578.16pt x 845.04704pt>
File: Datasheets/ReguladorDCDC.pdf Graphic file (type pdf)

<use Datasheets/ReguladorDCDC.pdf, page 3>
Package pdftex.def Info: Datasheets/ReguladorDCDC.pdf, page3 used on input line
 2.
(pdftex.def)             Requested size: 578.18504pt x 845.08366pt.
File: Datasheets/ReguladorDCDC.pdf Graphic file (type pdf)

<use Datasheets/ReguladorDCDC.pdf, page 3>
Package pdftex.def Info: Datasheets/ReguladorDCDC.pdf, page3 used on input line
 2.
(pdftex.def)             Requested size: 578.18504pt x 845.08366pt.
File: Datasheets/ReguladorDCDC.pdf Graphic file (type pdf)

<use Datasheets/ReguladorDCDC.pdf, page 3>
Package pdftex.def Info: Datasheets/ReguladorDCDC.pdf, page3 used on input line
 2.
(pdftex.def)             Requested size: 578.18504pt x 845.08366pt.
 [38 <D:/PlantillaLatex/Plantilla LaTeX/Datasheets/ReguladorDCDC.pdf>]
<Datasheets/ReguladorDCDC.pdf, id=597, page=4, 578.16pt x 845.04704pt>
File: Datasheets/ReguladorDCDC.pdf Graphic file (type pdf)

<use Datasheets/ReguladorDCDC.pdf, page 4>
Package pdftex.def Info: Datasheets/ReguladorDCDC.pdf, page4 used on input line
 2.
(pdftex.def)             Requested size: 578.18504pt x 845.08366pt.
File: Datasheets/ReguladorDCDC.pdf Graphic file (type pdf)

<use Datasheets/ReguladorDCDC.pdf, page 4>
Package pdftex.def Info: Datasheets/ReguladorDCDC.pdf, page4 used on input line
 2.
(pdftex.def)             Requested size: 578.18504pt x 845.08366pt.
File: Datasheets/ReguladorDCDC.pdf Graphic file (type pdf)

<use Datasheets/ReguladorDCDC.pdf, page 4>
Package pdftex.def Info: Datasheets/ReguladorDCDC.pdf, page4 used on input line
 2.
(pdftex.def)             Requested size: 578.18504pt x 845.08366pt.
 [39 <D:/PlantillaLatex/Plantilla LaTeX/Datasheets/ReguladorDCDC.pdf>])
File: ./Imagenes/ComillasWatermark.pdf Graphic file (type pdf)
 <use ./Imagenes/ComillasWatermark.pdf>
Package pdftex.def Info: ./Imagenes/ComillasWatermark.pdf used on input line 77
6.
(pdftex.def)             Requested size: 273.96886pt x 274.4612pt.

[1


] [2


] ("D:\PlantillaLatex\Plantilla LaTeX\ProyectoFinCarrera.ptc") [3]
("D:\PlantillaLatex\Plantilla LaTeX\Planos.tex"
<Planos/Plano.pdf, id=622, page=1, 597.45204pt x 845.1575pt>
File: Planos/Plano.pdf Graphic file (type pdf)

<use Planos/Plano.pdf, page 1>
Package pdftex.def Info: Planos/Plano.pdf, page1 used on input line 1.
(pdftex.def)             Requested size: 597.45058pt x 845.15544pt.
File: Planos/Plano.pdf Graphic file (type pdf)
 <use Planos/Plano.pdf, page 1>
Package pdftex.def Info: Planos/Plano.pdf, page1 used on input line 1.
(pdftex.def)             Requested size: 597.47792pt x 845.19412pt.
File: Planos/Plano.pdf Graphic file (type pdf)

<use Planos/Plano.pdf, page 1>
Package pdftex.def Info: Planos/Plano.pdf, page1 used on input line 1.
(pdftex.def)             Requested size: 597.47792pt x 845.19412pt.
File: Planos/Plano.pdf Graphic file (type pdf)
 <use Planos/Plano.pdf, page 1>
Package pdftex.def Info: Planos/Plano.pdf, page1 used on input line 1.
(pdftex.def)             Requested size: 597.47792pt x 845.19412pt.

Cap\'{\i }tulo 1.
File: Planos/Plano.pdf Graphic file (type pdf)
<use Planos/Plano.pdf, page 1>
Package pdftex.def Info: Planos/Plano.pdf, page1 used on input line 1.
(pdftex.def)             Requested size: 597.47792pt x 845.19412pt.
 [4

 <D:/PlantillaLatex/Plantilla LaTeX/Planos/Plano.pdf>])
File: ./Imagenes/ComillasWatermark.pdf Graphic file (type pdf)
 <use ./Imagenes/ComillasWatermark.pdf>
Package pdftex.def Info: ./Imagenes/ComillasWatermark.pdf used on input line 78
4.
(pdftex.def)             Requested size: 273.96886pt x 274.4612pt.
 [1


] [2


]
("D:\PlantillaLatex\Plantilla LaTeX\ProyectoFinCarrera.ptc") [3]
("D:\PlantillaLatex\Plantilla LaTeX\PliegoCondiciones.tex" [4


]
Cap\'{\i }tulo 1.
[5] [6

]
Cap\'{\i }tulo 2.
) [7]
File: ./Imagenes/ComillasWatermark.pdf Graphic file (type pdf)
 <use ./Imagenes/ComillasWatermark.pdf>
Package pdftex.def Info: ./Imagenes/ComillasWatermark.pdf used on input line 79
0.
(pdftex.def)             Requested size: 273.96886pt x 274.4612pt.
 [1


] [2


]
("D:\PlantillaLatex\Plantilla LaTeX\ProyectoFinCarrera.ptc") [3]
("D:\PlantillaLatex\Plantilla LaTeX\Presupuesto.tex" [4


]
Cap\'{\i }tulo 1.
[5] [6

]
Cap\'{\i }tulo 2.
[7] [8

]
Cap\'{\i }tulo 3.
[9] [10

]
Cap\'{\i }tulo 4.
)
\tf@ptc=\write7


Package caption Warning: Unused \captionsetup[figure] on input line 772.
See the caption package documentation for explanation.


Package caption Warning: Unused \captionsetup[table] on input line 772.
See the caption package documentation for explanation.


Package caption Warning: Unused \captionsetup[code] on input line 772.
See the caption package documentation for explanation.

Package atveryend Info: Empty hook `BeforeClearDocument' on input line 794.
[11]
Package atveryend Info: Empty hook `AfterLastShipout' on input line 794.
 ("D:\PlantillaLatex\Plantilla LaTeX\ProyectoFinCarrera.aux")
Package atveryend Info: Executing hook `AtVeryEndDocument' on input line 794.
Package atveryend Info: Executing hook `AtEndAfterFileList' on input line 794.
Package rerunfilecheck Info: File `ProyectoFinCarrera.out' has not changed.
(rerunfilecheck)             Checksum: 5134E1CFBB6F5D085B22676532D706D3;3393.


LaTeX Warning: Label(s) may have changed. Rerun to get cross-references right.

 ) 
Here is how much of TeX's memory you used:
 15545 strings out of 494045
 233574 string characters out of 3145560
 477131 words of memory out of 3000000
 18069 multiletter control sequences out of 15000+200000
 119552 words of font info for 213 fonts, out of 3000000 for 9000
 715 hyphenation exceptions out of 8191
 45i,18n,67p,1039b,1505s stack positions out of 5000i,500n,10000p,200000b,50000s
{C:/Program Files (x86)/MikeTex 2.9/fonts/enc/dvips/fontname/8r.enc}{C:/Progr
am Files (x86)/MikeTex 2.9/fonts/enc/dvips/lm/lm-ec.enc}<C:/Program Files (x86)
/MikeTex 2.9/fonts/type1/public/amsfonts/cm/cmex10.pfb><C:/Program Files (x86)/
MikeTex 2.9/fonts/type1/public/amsfonts/cm/cmmi12.pfb><C:/Program Files (x86)/M
ikeTex 2.9/fonts/type1/public/amsfonts/cm/cmmi6.pfb><C:/Program Files (x86)/Mik
eTex 2.9/fonts/type1/public/amsfonts/cm/cmmi8.pfb><C:/Program Files (x86)/MikeT
ex 2.9/fonts/type1/public/amsfonts/cm/cmr12.pfb><C:/Program Files (x86)/MikeTex
 2.9/fonts/type1/public/amsfonts/cm/cmr8.pfb><C:/Program Files (x86)/MikeTex 2.
9/fonts/type1/public/amsfonts/cm/cmsy10.pfb><C:/Program Files (x86)/MikeTex 2.9
/fonts/type1/public/lm/lmssbx10.pfb><C:/Program Files (x86)/MikeTex 2.9/fonts/t
ype1/urw/courier/ucrr8a.pfb><C:/Program Files (x86)/MikeTex 2.9/fonts/type1/urw
/palatino/uplb8a.pfb><C:/Program Files (x86)/MikeTex 2.9/fonts/type1/urw/times/
utmb8a.pfb><C:/Program Files (x86)/MikeTex 2.9/fonts/type1/urw/times/utmr8a.pfb
><C:/Program Files (x86)/MikeTex 2.9/fonts/type1/urw/times/utmr8a.pfb><C:/Progr
am Files (x86)/MikeTex 2.9/fonts/type1/urw/times/utmri8a.pfb><C:/Program Files 
(x86)/MikeTex 2.9/fonts/type1/urw/zapfding/uzdr.pfb>
Output written on ProyectoFinCarrera.pdf (71 pages, 683675 bytes).
PDF statistics:
 810 PDF objects out of 1000 (max. 8388607)
 158 named destinations out of 1000 (max. 500000)
 54250 words of extra memory for PDF output out of 61914 (max. 10000000)

